{"numFailedTestSuites":0,"numFailedTests":0,"numPassedTestSuites":2,"numPassedTests":3,"numPendingTestSuites":0,"numPendingTests":0,"numRuntimeErrorTestSuites":0,"numTotalTestSuites":2,"numTotalTests":3,"openHandles":[],"snapshot":{"added":0,"didUpdate":false,"failure":false,"filesAdded":0,"filesRemoved":0,"filesUnmatched":0,"filesUpdated":0,"matched":0,"total":0,"unchecked":0,"uncheckedKeysByFile":[],"unmatched":0,"updated":0},"startTime":1569238063258,"success":true,"testResults":[{"console":null,"failureMessage":null,"numFailingTests":0,"numPassingTests":1,"numPendingTests":0,"perfStats":{"end":1569238064087,"start":1569238063666},"snapshot":{"added":0,"fileDeleted":false,"matched":0,"unchecked":0,"unmatched":0,"updated":0,"uncheckedKeys":[]},"testFilePath":"/Users/danny/code/elevation/tests/matrices-lesson-exercises-solutions/tests/exercises/ex-2.test.js","testResults":[{"ancestorTitles":["exercise2"],"duration":8,"failureMessages":[],"fullName":"exercise2 should create a method 'findCoordinate' in your matrix which receives a value and returns the coordinate of that value' ","location":null,"numPassingAsserts":0,"status":"passed","title":"should create a method 'findCoordinate' in your matrix which receives a value and returns the coordinate of that value' "}],"sourceMaps":{},"skipped":false,"leaks":false},{"console":null,"failureMessage":null,"numFailingTests":0,"numPassingTests":2,"numPendingTests":0,"perfStats":{"end":1569238064200,"start":1569238064100},"snapshot":{"added":0,"fileDeleted":false,"matched":0,"unchecked":0,"unmatched":0,"updated":0,"uncheckedKeys":[]},"testFilePath":"/Users/danny/code/elevation/tests/matrices-lesson-exercises-solutions/tests/exercises/ex-1.test.js","testResults":[{"ancestorTitles":["exercise1"],"duration":14,"failureMessages":[],"fullName":"exercise1 should create a class Matrix with the methods 'get' and 'generateMatrix' ","location":null,"numPassingAsserts":0,"status":"passed","title":"should create a class Matrix with the methods 'get' and 'generateMatrix' "},{"ancestorTitles":["exercise1"],"duration":4,"failureMessages":[],"fullName":"exercise1 should create a class Matrix with the method 'alter' which receives a coordinate and value and alters that coordinate to the given value","location":null,"numPassingAsserts":0,"status":"passed","title":"should create a class Matrix with the method 'alter' which receives a coordinate and value and alters that coordinate to the given value"}],"sourceMaps":{},"skipped":false,"leaks":false}],"wasInterrupted":false}